#
# A fatal error has been detected by the Java Runtime Environment:
#
#  EXCEPTION_ACCESS_VIOLATION (0xc0000005) at pc=0x00007ffc7dbdc983, pid=9324, tid=444
#
# JRE version: Java(TM) SE Runtime Environment Oracle GraalVM 21.0.6+8.1 (21.0.6+8) (build 21.0.6+8-LTS-jvmci-23.1-b55)
# Java VM: Java HotSpot(TM) 64-Bit Server VM Oracle GraalVM 21.0.6+8.1 (21.0.6+8-LTS-jvmci-23.1-b55, mixed mode, tiered, jvmci, jvmci compiler, compressed oops, compressed class ptrs, g1 gc, windows-amd64)
# Problematic frame:
# V  [jvm.dll+0x3dc983]
#
# No core dump will be written. Minidumps are not enabled by default on client versions of Windows
#
# If you would like to submit a bug report, please visit:
#   https://bugreport.java.com/bugreport/crash.jsp
#

---------------  S U M M A R Y ------------

Command Line: -XX:ThreadPriorityPolicy=1 -XX:+UnlockExperimentalVMOptions -XX:+EnableJVMCIProduct -XX:-UnlockExperimentalVMOptions -javaagent:C:\Users\TJ\AppData\Local\Programs\IntelliJ IDEA Community Edition\lib\idea_rt.jar=64449 -Dfile.encoding=UTF-8 -Dsun.stdout.encoding=UTF-8 -Dsun.stderr.encoding=UTF-8 com.wcrs.configserver.ConfigServerApplication

Host: 13th Gen Intel(R) Core(TM) i7-13700H, 20 cores, 15G,  Windows 11 , 64 bit Build 22621 (10.0.22621.5124)
Time: Wed Apr  2 14:21:58 2025 E. Africa Standard Time elapsed time: 0.106713 seconds (0d 0h 0m 0s)

---------------  T H R E A D  ---------------

Current thread (0x000002010118c030):  JavaThread "Reference Handler" daemon [_thread_in_vm, id=444, stack(0x000000d30ff00000,0x000000d310000000) (1024K)]

Stack: [0x000000d30ff00000,0x000000d310000000],  sp=0x000000d30ffff780,  free space=1021k
Native frames: (J=compiled Java code, j=interpreted, Vv=VM code, C=native code)
V  [jvm.dll+0x3dc983]
V  [jvm.dll+0x6d3f42]
V  [jvm.dll+0x3dd60b]
V  [jvm.dll+0x3dd897]
V  [jvm.dll+0x471fc5]
V  [jvm.dll+0x3ee866]
V  [jvm.dll+0x808c4b]
